<?xml version="1.0" encoding="UTF-8"?>
<robot generator="Robot 7.2 (Python 3.13.1 on win32)" generated="2025-01-31T14:54:54.177926" rpa="false" schemaversion="5">
<suite id="s1" name="Tp Validation Robotframework" source="C:\Users\Administrateur\Desktop\Nouveau dossier (2)\tp_validation_robotframework">
<suite id="s1-s1" name="Tests" source="C:\Users\Administrateur\Desktop\Nouveau dossier (2)\tp_validation_robotframework\Tests">
<suite id="s1-s1-s1" name="Test Automation" source="C:\Users\Administrateur\Desktop\Nouveau dossier (2)\tp_validation_robotframework\Tests\test_automation.robot">
<test id="s1-s1-s1-t1" name="Scenario: User Creates an Account While Placing an Order and Then Deletes It" line="48">
<kw name="Given The User Is On The Website" owner="automation_keywords">
<kw name="Open Browser" owner="SeleniumLibrary">
<msg time="2025-01-31T14:54:54.369734" level="INFO">Opening browser 'chrome' to base url 'https://automationexercise.com'.</msg>
<arg>${URL}</arg>
<arg>${BROWSER}</arg>
<doc>Opens a new browser instance to the optional ``url``.</doc>
<status status="PASS" start="2025-01-31T14:54:54.369370" elapsed="2.819588"/>
</kw>
<kw name="Accept Cookie" owner="automation_keywords">
<kw name="Click Button" owner="SeleniumLibrary">
<msg time="2025-01-31T14:54:57.189986" level="INFO">Clicking button '//button[@class='fc-button fc-cta-consent fc-primary-button']'.</msg>
<arg>${COOKIE}</arg>
<doc>Clicks the button identified by ``locator``.</doc>
<status status="PASS" start="2025-01-31T14:54:57.189629" elapsed="0.095218"/>
</kw>
<doc>accept cookie</doc>
<status status="PASS" start="2025-01-31T14:54:57.189220" elapsed="0.095811"/>
</kw>
<kw name="Maximize Browser Window" owner="SeleniumLibrary">
<doc>Maximizes current browser window.</doc>
<status status="PASS" start="2025-01-31T14:54:57.285172" elapsed="0.035612"/>
</kw>
<kw name="Go To" owner="SeleniumLibrary">
<msg time="2025-01-31T14:54:57.321350" level="INFO">Opening url 'https://automationexercise.com'</msg>
<arg>${URL_AUTOMATION}</arg>
<doc>Navigates the current browser window to the provided ``url``.</doc>
<status status="PASS" start="2025-01-31T14:54:57.321014" elapsed="1.839557"/>
</kw>
<kw name="Location Should Contain" owner="SeleniumLibrary">
<msg time="2025-01-31T14:54:59.166537" level="INFO">Current location contains 'https://automationexercise.com'.</msg>
<arg>${URL_AUTOMATION}</arg>
<doc>Verifies that the current URL contains ``expected``.</doc>
<status status="PASS" start="2025-01-31T14:54:59.160897" elapsed="0.005868"/>
</kw>
<kw name="The Homepage Is Visible" owner="automation_keywords">
<kw name="Wait Until Element Is Visible" owner="SeleniumLibrary">
<arg>${HOMEPAGE_LOGO}</arg>
<doc>Waits until the element ``locator`` is visible.</doc>
<status status="PASS" start="2025-01-31T14:54:59.167429" elapsed="0.062733"/>
</kw>
<doc>the homepage is visible</doc>
<status status="PASS" start="2025-01-31T14:54:59.166961" elapsed="0.063363"/>
</kw>
<arg>https://automationexercise.com</arg>
<doc>Open browser and navigates</doc>
<status status="PASS" start="2025-01-31T14:54:54.367228" elapsed="4.863182"/>
</kw>
<kw name="When The User Adds Products To The Cart" owner="automation_keywords">
<for flavor="IN RANGE">
<iter>
<kw name="The User Clicks On The &quot;Products&quot; Button" owner="automation_keywords">
<kw name="Wait Until Element Is Enabled" owner="SeleniumLibrary">
<arg>${PRODUCTS_BUTTON}</arg>
<doc>Waits until the element ``locator`` is enabled.</doc>
<status status="PASS" start="2025-01-31T14:54:59.234188" elapsed="0.029694"/>
</kw>
<kw name="Click Element" owner="SeleniumLibrary">
<msg time="2025-01-31T14:54:59.264599" level="INFO">Clicking element '//header//a[@href='/products']'.</msg>
<arg>${PRODUCTS_BUTTON}</arg>
<doc>Click the element identified by ``locator``.</doc>
<status status="PASS" start="2025-01-31T14:54:59.264168" elapsed="1.807439"/>
</kw>
<doc>click on the products button</doc>
<status status="PASS" start="2025-01-31T14:54:59.233916" elapsed="1.837849"/>
</kw>
<kw name="The User Is Successfully Redirected To The Page" owner="automation_keywords">
<kw name="Wait Until Element Is Visible" owner="SeleniumLibrary">
<arg>${H2_TITLE}</arg>
<doc>Waits until the element ``locator`` is visible.</doc>
<status status="PASS" start="2025-01-31T14:55:01.072267" elapsed="0.019742"/>
</kw>
<kw name="Wait Until Element Contains" owner="SeleniumLibrary">
<arg>${H2_TITLE}</arg>
<arg>${TITLE}</arg>
<doc>Waits until the element ``locator`` contains ``text``.</doc>
<status status="PASS" start="2025-01-31T14:55:01.092379" elapsed="0.055109"/>
</kw>
<arg>ALL PRODUCTS</arg>
<doc>redirect to all products page</doc>
<status status="PASS" start="2025-01-31T14:55:01.071919" elapsed="0.075748"/>
</kw>
<kw name="Execute Javascript" owner="SeleniumLibrary">
<msg time="2025-01-31T14:55:01.148246" level="INFO">Executing JavaScript:
document.querySelectorAll('iframe').forEach(iframe =&gt; iframe.remove());
Without any arguments.</msg>
<arg>document.querySelectorAll('iframe').forEach(iframe =&gt; iframe.remove());</arg>
<doc>Executes the given JavaScript code with possible arguments.</doc>
<status status="PASS" start="2025-01-31T14:55:01.147802" elapsed="0.039228"/>
</kw>
<kw name="Wait Until Element Is Visible" owner="SeleniumLibrary">
<arg>//a[@href='/product_details/${ITEM}']</arg>
<arg>10s</arg>
<doc>Waits until the element ``locator`` is visible.</doc>
<status status="PASS" start="2025-01-31T14:55:01.187529" elapsed="0.019793"/>
</kw>
<kw name="Execute Javascript" owner="SeleniumLibrary">
<msg time="2025-01-31T14:55:01.208086" level="INFO">Executing JavaScript:
window.scrollTo(0, document.body.scrollHeight)
Without any arguments.</msg>
<arg>window.scrollTo(0, document.body.scrollHeight)</arg>
<doc>Executes the given JavaScript code with possible arguments.</doc>
<status status="PASS" start="2025-01-31T14:55:01.207605" elapsed="0.006567"/>
</kw>
<kw name="Click Element" owner="SeleniumLibrary">
<msg time="2025-01-31T14:55:01.214928" level="INFO">Clicking element '//a[@href='/product_details/2']'.</msg>
<arg>//a[@href='/product_details/${ITEM}']</arg>
<doc>Click the element identified by ``locator``.</doc>
<status status="PASS" start="2025-01-31T14:55:01.214448" elapsed="1.467566"/>
</kw>
<kw name="Wait Until Element Is Visible" owner="SeleniumLibrary">
<arg>${ADD_TO_CART}</arg>
<arg>10s</arg>
<doc>Waits until the element ``locator`` is visible.</doc>
<status status="PASS" start="2025-01-31T14:55:02.682501" elapsed="0.054893"/>
</kw>
<kw name="Click Button" owner="SeleniumLibrary">
<msg time="2025-01-31T14:55:02.737932" level="INFO">Clicking button '//button[@class='btn btn-default cart']'.</msg>
<arg>${ADD_TO_CART}</arg>
<doc>Clicks the button identified by ``locator``.</doc>
<status status="PASS" start="2025-01-31T14:55:02.737603" elapsed="0.078348"/>
</kw>
<kw name="Wait Until Element Is Visible" owner="SeleniumLibrary">
<arg>${CONTINUE_SHOPPING}</arg>
<doc>Waits until the element ``locator`` is visible.</doc>
<status status="PASS" start="2025-01-31T14:55:02.816146" elapsed="0.244103"/>
</kw>
<kw name="Click Element" owner="SeleniumLibrary">
<msg time="2025-01-31T14:55:03.060824" level="INFO">Clicking element '//button[@class='btn btn-success close-modal btn-block']'.</msg>
<arg>${CONTINUE_SHOPPING}</arg>
<doc>Click the element identified by ``locator``.</doc>
<status status="PASS" start="2025-01-31T14:55:03.060487" elapsed="0.070248"/>
</kw>
<var name="${ITEM}">2</var>
<status status="PASS" start="2025-01-31T14:54:59.233754" elapsed="3.897112"/>
</iter>
<iter>
<kw name="The User Clicks On The &quot;Products&quot; Button" owner="automation_keywords">
<kw name="Wait Until Element Is Enabled" owner="SeleniumLibrary">
<arg>${PRODUCTS_BUTTON}</arg>
<doc>Waits until the element ``locator`` is enabled.</doc>
<status status="PASS" start="2025-01-31T14:55:03.131564" elapsed="0.029194"/>
</kw>
<kw name="Click Element" owner="SeleniumLibrary">
<msg time="2025-01-31T14:55:03.161691" level="INFO">Clicking element '//header//a[@href='/products']'.</msg>
<arg>${PRODUCTS_BUTTON}</arg>
<doc>Click the element identified by ``locator``.</doc>
<status status="PASS" start="2025-01-31T14:55:03.161290" elapsed="1.442545"/>
</kw>
<doc>click on the products button</doc>
<status status="PASS" start="2025-01-31T14:55:03.131297" elapsed="1.472876"/>
</kw>
<kw name="The User Is Successfully Redirected To The Page" owner="automation_keywords">
<kw name="Wait Until Element Is Visible" owner="SeleniumLibrary">
<arg>${H2_TITLE}</arg>
<doc>Waits until the element ``locator`` is visible.</doc>
<status status="PASS" start="2025-01-31T14:55:04.604794" elapsed="0.057365"/>
</kw>
<kw name="Wait Until Element Contains" owner="SeleniumLibrary">
<arg>${H2_TITLE}</arg>
<arg>${TITLE}</arg>
<doc>Waits until the element ``locator`` contains ``text``.</doc>
<status status="PASS" start="2025-01-31T14:55:04.662372" elapsed="0.015600"/>
</kw>
<arg>ALL PRODUCTS</arg>
<doc>redirect to all products page</doc>
<status status="PASS" start="2025-01-31T14:55:04.604418" elapsed="0.073718"/>
</kw>
<kw name="Execute Javascript" owner="SeleniumLibrary">
<msg time="2025-01-31T14:55:04.678842" level="INFO">Executing JavaScript:
document.querySelectorAll('iframe').forEach(iframe =&gt; iframe.remove());
Without any arguments.</msg>
<arg>document.querySelectorAll('iframe').forEach(iframe =&gt; iframe.remove());</arg>
<doc>Executes the given JavaScript code with possible arguments.</doc>
<status status="PASS" start="2025-01-31T14:55:04.678299" elapsed="0.042231"/>
</kw>
<kw name="Wait Until Element Is Visible" owner="SeleniumLibrary">
<arg>//a[@href='/product_details/${ITEM}']</arg>
<arg>10s</arg>
<doc>Waits until the element ``locator`` is visible.</doc>
<status status="PASS" start="2025-01-31T14:55:04.720774" elapsed="0.018639"/>
</kw>
<kw name="Execute Javascript" owner="SeleniumLibrary">
<msg time="2025-01-31T14:55:04.740058" level="INFO">Executing JavaScript:
window.scrollTo(0, document.body.scrollHeight)
Without any arguments.</msg>
<arg>window.scrollTo(0, document.body.scrollHeight)</arg>
<doc>Executes the given JavaScript code with possible arguments.</doc>
<status status="PASS" start="2025-01-31T14:55:04.739619" elapsed="0.006518"/>
</kw>
<kw name="Click Element" owner="SeleniumLibrary">
<msg time="2025-01-31T14:55:04.746762" level="INFO">Clicking element '//a[@href='/product_details/3']'.</msg>
<arg>//a[@href='/product_details/${ITEM}']</arg>
<doc>Click the element identified by ``locator``.</doc>
<status status="PASS" start="2025-01-31T14:55:04.746371" elapsed="1.223833"/>
</kw>
<kw name="Wait Until Element Is Visible" owner="SeleniumLibrary">
<arg>${ADD_TO_CART}</arg>
<arg>10s</arg>
<doc>Waits until the element ``locator`` is visible.</doc>
<status status="PASS" start="2025-01-31T14:55:05.970460" elapsed="0.018417"/>
</kw>
<kw name="Click Button" owner="SeleniumLibrary">
<msg time="2025-01-31T14:55:05.989553" level="INFO">Clicking button '//button[@class='btn btn-default cart']'.</msg>
<arg>${ADD_TO_CART}</arg>
<doc>Clicks the button identified by ``locator``.</doc>
<status status="PASS" start="2025-01-31T14:55:05.989103" elapsed="0.139504"/>
</kw>
<kw name="Wait Until Element Is Visible" owner="SeleniumLibrary">
<arg>${CONTINUE_SHOPPING}</arg>
<doc>Waits until the element ``locator`` is visible.</doc>
<status status="PASS" start="2025-01-31T14:55:06.128845" elapsed="0.248249"/>
</kw>
<kw name="Click Element" owner="SeleniumLibrary">
<msg time="2025-01-31T14:55:06.378273" level="INFO">Clicking element '//button[@class='btn btn-success close-modal btn-block']'.</msg>
<arg>${CONTINUE_SHOPPING}</arg>
<doc>Click the element identified by ``locator``.</doc>
<status status="PASS" start="2025-01-31T14:55:06.377685" elapsed="0.108111"/>
</kw>
<var name="${ITEM}">3</var>
<status status="PASS" start="2025-01-31T14:55:03.131041" elapsed="3.354893"/>
</iter>
<iter>
<kw name="The User Clicks On The &quot;Products&quot; Button" owner="automation_keywords">
<kw name="Wait Until Element Is Enabled" owner="SeleniumLibrary">
<arg>${PRODUCTS_BUTTON}</arg>
<doc>Waits until the element ``locator`` is enabled.</doc>
<status status="PASS" start="2025-01-31T14:55:06.486780" elapsed="0.023514"/>
</kw>
<kw name="Click Element" owner="SeleniumLibrary">
<msg time="2025-01-31T14:55:06.511278" level="INFO">Clicking element '//header//a[@href='/products']'.</msg>
<arg>${PRODUCTS_BUTTON}</arg>
<doc>Click the element identified by ``locator``.</doc>
<status status="PASS" start="2025-01-31T14:55:06.510607" elapsed="1.279822"/>
</kw>
<doc>click on the products button</doc>
<status status="PASS" start="2025-01-31T14:55:06.486414" elapsed="1.304247"/>
</kw>
<kw name="The User Is Successfully Redirected To The Page" owner="automation_keywords">
<kw name="Wait Until Element Is Visible" owner="SeleniumLibrary">
<arg>${H2_TITLE}</arg>
<doc>Waits until the element ``locator`` is visible.</doc>
<status status="PASS" start="2025-01-31T14:55:07.792246" elapsed="0.020226"/>
</kw>
<kw name="Wait Until Element Contains" owner="SeleniumLibrary">
<arg>${H2_TITLE}</arg>
<arg>${TITLE}</arg>
<doc>Waits until the element ``locator`` contains ``text``.</doc>
<status status="PASS" start="2025-01-31T14:55:07.812712" elapsed="0.017422"/>
</kw>
<arg>ALL PRODUCTS</arg>
<doc>redirect to all products page</doc>
<status status="PASS" start="2025-01-31T14:55:07.790995" elapsed="0.039308"/>
</kw>
<kw name="Execute Javascript" owner="SeleniumLibrary">
<msg time="2025-01-31T14:55:07.830964" level="INFO">Executing JavaScript:
document.querySelectorAll('iframe').forEach(iframe =&gt; iframe.remove());
Without any arguments.</msg>
<arg>document.querySelectorAll('iframe').forEach(iframe =&gt; iframe.remove());</arg>
<doc>Executes the given JavaScript code with possible arguments.</doc>
<status status="PASS" start="2025-01-31T14:55:07.830458" elapsed="0.040822"/>
</kw>
<kw name="Wait Until Element Is Visible" owner="SeleniumLibrary">
<arg>//a[@href='/product_details/${ITEM}']</arg>
<arg>10s</arg>
<doc>Waits until the element ``locator`` is visible.</doc>
<status status="PASS" start="2025-01-31T14:55:07.871622" elapsed="0.019293"/>
</kw>
<kw name="Execute Javascript" owner="SeleniumLibrary">
<msg time="2025-01-31T14:55:07.892839" level="INFO">Executing JavaScript:
window.scrollTo(0, document.body.scrollHeight)
Without any arguments.</msg>
<arg>window.scrollTo(0, document.body.scrollHeight)</arg>
<doc>Executes the given JavaScript code with possible arguments.</doc>
<status status="PASS" start="2025-01-31T14:55:07.891448" elapsed="0.006620"/>
</kw>
<kw name="Click Element" owner="SeleniumLibrary">
<msg time="2025-01-31T14:55:07.898840" level="INFO">Clicking element '//a[@href='/product_details/4']'.</msg>
<arg>//a[@href='/product_details/${ITEM}']</arg>
<doc>Click the element identified by ``locator``.</doc>
<status status="PASS" start="2025-01-31T14:55:07.898278" elapsed="1.207272"/>
</kw>
<kw name="Wait Until Element Is Visible" owner="SeleniumLibrary">
<arg>${ADD_TO_CART}</arg>
<arg>10s</arg>
<doc>Waits until the element ``locator`` is visible.</doc>
<status status="PASS" start="2025-01-31T14:55:09.105865" elapsed="0.025121"/>
</kw>
<kw name="Click Button" owner="SeleniumLibrary">
<msg time="2025-01-31T14:55:09.131668" level="INFO">Clicking button '//button[@class='btn btn-default cart']'.</msg>
<arg>${ADD_TO_CART}</arg>
<doc>Clicks the button identified by ``locator``.</doc>
<status status="PASS" start="2025-01-31T14:55:09.131254" elapsed="0.129900"/>
</kw>
<kw name="Wait Until Element Is Visible" owner="SeleniumLibrary">
<arg>${CONTINUE_SHOPPING}</arg>
<doc>Waits until the element ``locator`` is visible.</doc>
<status status="PASS" start="2025-01-31T14:55:09.261391" elapsed="0.254057"/>
</kw>
<kw name="Click Element" owner="SeleniumLibrary">
<msg time="2025-01-31T14:55:09.518067" level="INFO">Clicking element '//button[@class='btn btn-success close-modal btn-block']'.</msg>
<arg>${CONTINUE_SHOPPING}</arg>
<doc>Click the element identified by ``locator``.</doc>
<status status="PASS" start="2025-01-31T14:55:09.516607" elapsed="0.061610"/>
</kw>
<var name="${ITEM}">4</var>
<status status="PASS" start="2025-01-31T14:55:06.486116" elapsed="3.092330"/>
</iter>
<var>${ITEM}</var>
<value>2</value>
<value>5</value>
<status status="PASS" start="2025-01-31T14:54:59.233460" elapsed="10.345079"/>
</for>
<doc>The User Adds Products To The Cart</doc>
<status status="PASS" start="2025-01-31T14:54:59.232082" elapsed="10.346558"/>
</kw>
<kw name="And The User Verify The Cart" owner="automation_keywords">
<kw name="Verify Cart" owner="automation_keywords">
<kw name="Click Element" owner="SeleniumLibrary">
<msg time="2025-01-31T14:55:09.584441" level="INFO">Clicking element '//ul[@class='nav navbar-nav']//a[contains(.,'Cart')]'.</msg>
<arg>${BUTTON_CART}</arg>
<doc>Click the element identified by ``locator``.</doc>
<status status="PASS" start="2025-01-31T14:55:09.584144" elapsed="1.040927"/>
</kw>
<kw name="Wait Until Element Is Visible" owner="SeleniumLibrary">
<arg>${MENU_ACTIVE}</arg>
<doc>Waits until the element ``locator`` is visible.</doc>
<status status="PASS" start="2025-01-31T14:55:10.625501" elapsed="0.048908"/>
</kw>
<kw name="Wait Until Element Contains" owner="SeleniumLibrary">
<arg>${MENU_ACTIVE}</arg>
<arg>Shopping Cart</arg>
<doc>Waits until the element ``locator`` contains ``text``.</doc>
<status status="PASS" start="2025-01-31T14:55:10.674734" elapsed="0.445285"/>
</kw>
<doc>Verify Cart</doc>
<status status="PASS" start="2025-01-31T14:55:09.583782" elapsed="1.536724"/>
</kw>
<kw name="Click Element" owner="SeleniumLibrary">
<msg time="2025-01-31T14:55:11.121954" level="INFO">Clicking element '//a[.='Proceed To Checkout']'.</msg>
<arg>${BUTTON_CHECKOUT}</arg>
<doc>Click the element identified by ``locator``.</doc>
<status status="PASS" start="2025-01-31T14:55:11.121023" elapsed="0.057164"/>
</kw>
<kw name="Click Element" owner="SeleniumLibrary">
<msg time="2025-01-31T14:55:11.178752" level="INFO">Clicking element '//u[.='Register / Login']'.</msg>
<arg>${REGISTER_LOGIN}</arg>
<doc>Click the element identified by ``locator``.</doc>
<status status="PASS" start="2025-01-31T14:55:11.178386" elapsed="0.950658"/>
</kw>
<doc>The User Verify The Cart</doc>
<status status="PASS" start="2025-01-31T14:55:09.581228" elapsed="2.547981"/>
</kw>
<kw name="And The User Creates An Account" owner="automation_keywords">
<kw name="Click Element" owner="SeleniumLibrary">
<msg time="2025-01-31T14:55:12.134570" level="INFO">Clicking element '//a[contains(.,'Signup / Login')]'.</msg>
<arg>${SIGNUP_LOGIN}</arg>
<doc>Click the element identified by ``locator``.</doc>
<status status="PASS" start="2025-01-31T14:55:12.134272" elapsed="0.863572"/>
</kw>
<kw name="Wait Until Element Is Enabled" owner="SeleniumLibrary">
<arg>${INPUT_NAME}</arg>
<doc>Waits until the element ``locator`` is enabled.</doc>
<status status="PASS" start="2025-01-31T14:55:12.998223" elapsed="0.065085"/>
</kw>
<kw name="Input Text" owner="SeleniumLibrary">
<msg time="2025-01-31T14:55:13.064357" level="INFO">Typing text 'Titi' into text field '//input[@name='name']'.</msg>
<arg>${INPUT_NAME}</arg>
<arg>${USERS}[username]</arg>
<doc>Types the given ``text`` into the text field identified by ``locator``.</doc>
<status status="PASS" start="2025-01-31T14:55:13.063674" elapsed="0.098138"/>
</kw>
<kw name="Input Text" owner="SeleniumLibrary">
<msg time="2025-01-31T14:55:13.162354" level="INFO">Typing text 'titi4019@tutu.fr' into text field '//div[@class='signup-form']//input[@name='email']'.</msg>
<arg>${INPUT_EMAIL}</arg>
<arg>${USERS}[email]</arg>
<doc>Types the given ``text`` into the text field identified by ``locator``.</doc>
<status status="PASS" start="2025-01-31T14:55:13.161995" elapsed="0.100222"/>
</kw>
<kw name="Click Button" owner="SeleniumLibrary">
<msg time="2025-01-31T14:55:13.262782" level="INFO">Clicking button '//button[.='Signup']'.</msg>
<arg>${BUTTON_SIGNUP}</arg>
<doc>Clicks the button identified by ``locator``.</doc>
<status status="PASS" start="2025-01-31T14:55:13.262399" elapsed="1.567856"/>
</kw>
<kw name="Wait Until Element Is Enabled" owner="SeleniumLibrary">
<arg>${CREATE_ACCOUNT_GENDER}</arg>
<doc>Waits until the element ``locator`` is enabled.</doc>
<status status="PASS" start="2025-01-31T14:55:14.830455" elapsed="0.063568"/>
</kw>
<kw name="Click Button" owner="SeleniumLibrary">
<msg time="2025-01-31T14:55:14.895131" level="INFO">Clicking button '//input[@value='Mrs']'.</msg>
<arg>${CREATE_ACCOUNT_GENDER}</arg>
<doc>Clicks the button identified by ``locator``.</doc>
<status status="PASS" start="2025-01-31T14:55:14.894510" elapsed="0.073185"/>
</kw>
<kw name="Get Value" owner="SeleniumLibrary">
<msg time="2025-01-31T14:55:14.997028" level="INFO">${VALUE_NAME} = Titi</msg>
<var>${VALUE_NAME}</var>
<arg>${CREATE_ACCOUNT_NAME}</arg>
<doc>Returns the value attribute of the element identified by ``locator``.</doc>
<status status="PASS" start="2025-01-31T14:55:14.967910" elapsed="0.029475"/>
</kw>
<kw name="Should Be Equal" owner="BuiltIn">
<arg>${VALUE_NAME}</arg>
<arg>${USERS}[username]</arg>
<doc>Fails if the given objects are unequal.</doc>
<status status="PASS" start="2025-01-31T14:55:14.997828" elapsed="0.001247"/>
</kw>
<kw name="Get Value" owner="SeleniumLibrary">
<msg time="2025-01-31T14:55:15.035240" level="INFO">${VALUE_EMAIL} = titi4019@tutu.fr</msg>
<var>${VALUE_EMAIL}</var>
<arg>${CREATE_ACCOUNT_EMAIL}</arg>
<doc>Returns the value attribute of the element identified by ``locator``.</doc>
<status status="PASS" start="2025-01-31T14:55:14.999318" elapsed="0.036089"/>
</kw>
<kw name="Should Be Equal" owner="BuiltIn">
<arg>${VALUE_EMAIL}</arg>
<arg>${USERS}[email]</arg>
<doc>Fails if the given objects are unequal.</doc>
<status status="PASS" start="2025-01-31T14:55:15.035603" elapsed="0.000561"/>
</kw>
<kw name="Input Password" owner="SeleniumLibrary">
<msg time="2025-01-31T14:55:15.037427" level="INFO">Typing password into text field '//input[@id='password']'.</msg>
<msg time="2025-01-31T14:55:15.107878" level="INFO">Temporally setting log level to: NONE</msg>
<arg>${CREATE_ACCOUNT_PASSWORD}</arg>
<arg>${USERS}[password]</arg>
<doc>Types the given password into the text field identified by ``locator``.</doc>
<status status="PASS" start="2025-01-31T14:55:15.036317" elapsed="0.158822"/>
</kw>
<kw name="Select From List By Value" owner="SeleniumLibrary">
<msg time="2025-01-31T14:55:15.195803" level="INFO">Selecting options from selection list '//select[@id='days']' by value 10.</msg>
<arg>${CREATE_ACCOUNT_DAY}</arg>
<arg>${USERS}[birthday]</arg>
<doc>Selects options from selection list ``locator`` by ``values``.</doc>
<status status="PASS" start="2025-01-31T14:55:15.195366" elapsed="0.073991"/>
</kw>
<kw name="Select From List By Value" owner="SeleniumLibrary">
<msg time="2025-01-31T14:55:15.270025" level="INFO">Selecting options from selection list '//select[@id='months']' by value 3.</msg>
<arg>${CREATE_ACCOUNT_MONTH}</arg>
<arg>${USERS}[birthmonth]</arg>
<doc>Selects options from selection list ``locator`` by ``values``.</doc>
<status status="PASS" start="2025-01-31T14:55:15.269576" elapsed="0.066349"/>
</kw>
<kw name="Select From List By Value" owner="SeleniumLibrary">
<msg time="2025-01-31T14:55:15.337955" level="INFO">Selecting options from selection list '//select[@id='years']' by value 2012.</msg>
<arg>${CREATE_ACCOUNT_YEAR}</arg>
<arg>${USERS}[birthyear]</arg>
<doc>Selects options from selection list ``locator`` by ``values``.</doc>
<status status="PASS" start="2025-01-31T14:55:15.336676" elapsed="0.102668"/>
</kw>
<kw name="Input Text" owner="SeleniumLibrary">
<msg time="2025-01-31T14:55:15.440091" level="INFO">Typing text 'Titi' into text field '//input[@id='first_name']'.</msg>
<arg>${CREATE_ACCOUNT_FIRSTNAME}</arg>
<arg>${USERS}[username]</arg>
<doc>Types the given ``text`` into the text field identified by ``locator``.</doc>
<status status="PASS" start="2025-01-31T14:55:15.439553" elapsed="0.116055"/>
</kw>
<kw name="Input Text" owner="SeleniumLibrary">
<msg time="2025-01-31T14:55:15.556148" level="INFO">Typing text 'Titi' into text field '//input[@id='last_name']'.</msg>
<arg>${CREATE_ACCOUNT_LASTNAME}</arg>
<arg>${USERS}[lastname]</arg>
<doc>Types the given ``text`` into the text field identified by ``locator``.</doc>
<status status="PASS" start="2025-01-31T14:55:15.555796" elapsed="0.079720"/>
</kw>
<kw name="Input Text" owner="SeleniumLibrary">
<msg time="2025-01-31T14:55:15.636463" level="INFO">Typing text '666 rue des enfers' into text field 'id=address1'.</msg>
<arg>${CREATE_ACCOUNT_ADRESS}</arg>
<arg>${USERS}[adress]</arg>
<doc>Types the given ``text`` into the text field identified by ``locator``.</doc>
<status status="PASS" start="2025-01-31T14:55:15.635802" elapsed="0.112625"/>
</kw>
<kw name="Select From List By Value" owner="SeleniumLibrary">
<msg time="2025-01-31T14:55:15.749021" level="INFO">Selecting options from selection list 'id=country' by value Canada.</msg>
<arg>${CREATE_ACCOUNT_COUNTRY}</arg>
<arg>${USERS}[country]</arg>
<doc>Selects options from selection list ``locator`` by ``values``.</doc>
<status status="PASS" start="2025-01-31T14:55:15.748618" elapsed="0.067463"/>
</kw>
<kw name="Input Text" owner="SeleniumLibrary">
<msg time="2025-01-31T14:55:15.816744" level="INFO">Typing text 'state' into text field '//input[@id='state']'.</msg>
<arg>${CREATE_ACCOUNT_STATE}</arg>
<arg>${USERS}[state]</arg>
<doc>Types the given ``text`` into the text field identified by ``locator``.</doc>
<status status="PASS" start="2025-01-31T14:55:15.816292" elapsed="0.090722"/>
</kw>
<kw name="Input Text" owner="SeleniumLibrary">
<msg time="2025-01-31T14:55:15.908951" level="INFO">Typing text 'city' into text field '//input[@id='city']'.</msg>
<arg>${CREATE_ACCOUNT_CITY}</arg>
<arg>${USERS}[city]</arg>
<doc>Types the given ``text`` into the text field identified by ``locator``.</doc>
<status status="PASS" start="2025-01-31T14:55:15.907629" elapsed="0.083961"/>
</kw>
<kw name="Input Text" owner="SeleniumLibrary">
<msg time="2025-01-31T14:55:15.992601" level="INFO">Typing text '12345' into text field '//input[@id='zipcode']'.</msg>
<arg>${CREATE_ACCOUNT_ZIP}</arg>
<arg>${USERS}[zip]</arg>
<doc>Types the given ``text`` into the text field identified by ``locator``.</doc>
<status status="PASS" start="2025-01-31T14:55:15.991943" elapsed="0.087271"/>
</kw>
<kw name="Input Text" owner="SeleniumLibrary">
<msg time="2025-01-31T14:55:16.079785" level="INFO">Typing text '0102030405' into text field '//input[@id='mobile_number']'.</msg>
<arg>${CREATE_ACCOUNT_PHONE}</arg>
<arg>${USERS}[mobile]</arg>
<doc>Types the given ``text`` into the text field identified by ``locator``.</doc>
<status status="PASS" start="2025-01-31T14:55:16.079402" elapsed="0.089810"/>
</kw>
<kw name="Click Button" owner="SeleniumLibrary">
<msg time="2025-01-31T14:55:16.169739" level="INFO">Clicking button '//button[.='Create Account']'.</msg>
<arg>${CREATE_ACCOUNT_BUTTON}</arg>
<doc>Clicks the button identified by ``locator``.</doc>
<status status="PASS" start="2025-01-31T14:55:16.169407" elapsed="1.412205"/>
</kw>
<kw name="Wait Until Element Is Visible" owner="SeleniumLibrary">
<arg>${TEXT_ACOUNT_CREATED}</arg>
<doc>Waits until the element ``locator`` is visible.</doc>
<status status="PASS" start="2025-01-31T14:55:17.581889" elapsed="0.019822"/>
</kw>
<kw name="Wait Until Element Contains" owner="SeleniumLibrary">
<arg>${TITLE_ACOUNT_CREATED}</arg>
<arg>${ACCOUNT_CREATED}</arg>
<doc>Waits until the element ``locator`` contains ``text``.</doc>
<status status="PASS" start="2025-01-31T14:55:17.601982" elapsed="0.061000"/>
</kw>
<kw name="Click Element" owner="SeleniumLibrary">
<msg time="2025-01-31T14:55:17.663660" level="INFO">Clicking element '//a[.='Continue']'.</msg>
<arg>${CONTINUE_ACCOUNT}</arg>
<doc>Click the element identified by ``locator``.</doc>
<status status="PASS" start="2025-01-31T14:55:17.663217" elapsed="1.270403"/>
</kw>
<kw name="Wait Until Element Is Visible" owner="SeleniumLibrary">
<arg>${H2}</arg>
<doc>Waits until the element ``locator`` is visible.</doc>
<status status="PASS" start="2025-01-31T14:55:18.933960" elapsed="0.064553"/>
</kw>
<kw name="Wait Until Element Contains" owner="SeleniumLibrary">
<arg>${LAST_LI_MENU}</arg>
<arg>${USERS}[username]</arg>
<doc>Waits until the element ``locator`` contains ``text``.</doc>
<status status="PASS" start="2025-01-31T14:55:18.998781" elapsed="0.021266"/>
</kw>
<arg>&amp;{USERS}</arg>
<doc>The User Creates An Account</doc>
<status status="PASS" start="2025-01-31T14:55:12.132242" elapsed="6.888014"/>
</kw>
<kw name="And The User Places The Order" owner="automation_keywords">
<kw name="Verify Cart" owner="automation_keywords">
<kw name="Click Element" owner="SeleniumLibrary">
<msg time="2025-01-31T14:55:19.030349" level="INFO">Clicking element '//ul[@class='nav navbar-nav']//a[contains(.,'Cart')]'.</msg>
<arg>${BUTTON_CART}</arg>
<doc>Click the element identified by ``locator``.</doc>
<status status="PASS" start="2025-01-31T14:55:19.030050" elapsed="1.060220"/>
</kw>
<kw name="Wait Until Element Is Visible" owner="SeleniumLibrary">
<arg>${MENU_ACTIVE}</arg>
<doc>Waits until the element ``locator`` is visible.</doc>
<status status="PASS" start="2025-01-31T14:55:20.090662" elapsed="0.056670"/>
</kw>
<kw name="Wait Until Element Contains" owner="SeleniumLibrary">
<arg>${MENU_ACTIVE}</arg>
<arg>Shopping Cart</arg>
<doc>Waits until the element ``locator`` contains ``text``.</doc>
<status status="PASS" start="2025-01-31T14:55:20.147878" elapsed="0.017859"/>
</kw>
<doc>Verify Cart</doc>
<status status="PASS" start="2025-01-31T14:55:19.029683" elapsed="1.136239"/>
</kw>
<kw name="The User Proceeds To Checkout" owner="automation_keywords">
<kw name="Verify Cart" owner="automation_keywords">
<kw name="Click Element" owner="SeleniumLibrary">
<msg time="2025-01-31T14:55:20.167373" level="INFO">Clicking element '//ul[@class='nav navbar-nav']//a[contains(.,'Cart')]'.</msg>
<arg>${BUTTON_CART}</arg>
<doc>Click the element identified by ``locator``.</doc>
<status status="PASS" start="2025-01-31T14:55:20.167061" elapsed="1.044867"/>
</kw>
<kw name="Wait Until Element Is Visible" owner="SeleniumLibrary">
<arg>${MENU_ACTIVE}</arg>
<doc>Waits until the element ``locator`` is visible.</doc>
<status status="PASS" start="2025-01-31T14:55:21.212139" elapsed="0.018483"/>
</kw>
<kw name="Wait Until Element Contains" owner="SeleniumLibrary">
<arg>${MENU_ACTIVE}</arg>
<arg>Shopping Cart</arg>
<doc>Waits until the element ``locator`` contains ``text``.</doc>
<status status="PASS" start="2025-01-31T14:55:21.230968" elapsed="0.055886"/>
</kw>
<doc>Verify Cart</doc>
<status status="PASS" start="2025-01-31T14:55:20.166702" elapsed="1.120298"/>
</kw>
<kw name="Click Element" owner="SeleniumLibrary">
<msg time="2025-01-31T14:55:21.287512" level="INFO">Clicking element '//a[.='Proceed To Checkout']'.</msg>
<arg>${BUTTON_CHECKOUT}</arg>
<doc>Click the element identified by ``locator``.</doc>
<status status="PASS" start="2025-01-31T14:55:21.287125" elapsed="1.276904"/>
</kw>
<kw name="Wait Until Element Is Visible" owner="SeleniumLibrary">
<arg>${ADRESS_DELIVERY}</arg>
<doc>Waits until the element ``locator`` is visible.</doc>
<status status="PASS" start="2025-01-31T14:55:22.564471" elapsed="0.071912"/>
</kw>
<kw name="Verify Adress" owner="automation_keywords">
<kw name="Get Text" owner="SeleniumLibrary">
<msg time="2025-01-31T14:55:22.658817" level="INFO">${NAME} = Mrs. Titi Titi</msg>
<var>${NAME}</var>
<arg>//ul[@id='${TYPE_ADRESS}']/li[@class='address_firstname address_lastname']</arg>
<doc>Returns the text value of the element identified by ``locator``.</doc>
<status status="PASS" start="2025-01-31T14:55:22.637510" elapsed="0.022083"/>
</kw>
<kw name="Set Variable" owner="BuiltIn">
<msg time="2025-01-31T14:55:22.661915" level="INFO">${NAME2} = Mrs.</msg>
<var>${NAME2}</var>
<arg>Mrs.</arg>
<doc>Returns the given values which can then be assigned to a variables.</doc>
<status status="PASS" start="2025-01-31T14:55:22.660609" elapsed="0.001627"/>
</kw>
<kw name="Set Variable" owner="BuiltIn">
<msg time="2025-01-31T14:55:22.663521" level="INFO">${NAME2} = Mrs. Titi Titi</msg>
<var>${NAME2}</var>
<arg>${NAME2} ${USERS}[username] ${USERS}[lastname]</arg>
<doc>Returns the given values which can then be assigned to a variables.</doc>
<status status="PASS" start="2025-01-31T14:55:22.662565" elapsed="0.001462"/>
</kw>
<kw name="Should Be Equal" owner="BuiltIn">
<arg>${NAME}</arg>
<arg>${NAME2}</arg>
<doc>Fails if the given objects are unequal.</doc>
<status status="PASS" start="2025-01-31T14:55:22.664317" elapsed="0.000630"/>
</kw>
<kw name="Get Text" owner="SeleniumLibrary">
<msg time="2025-01-31T14:55:22.687103" level="INFO">${ADRESS} = 666 rue des enfers</msg>
<var>${ADRESS}</var>
<arg>css=#${TYPE_ADRESS} &gt; li:nth-of-type(4)</arg>
<doc>Returns the text value of the element identified by ``locator``.</doc>
<status status="PASS" start="2025-01-31T14:55:22.665206" elapsed="0.022188"/>
</kw>
<kw name="Should Be Equal" owner="BuiltIn">
<arg>${ADRESS}</arg>
<arg>${USERS}[adress]</arg>
<doc>Fails if the given objects are unequal.</doc>
<status status="PASS" start="2025-01-31T14:55:22.687772" elapsed="0.000709"/>
</kw>
<kw name="Get Text" owner="SeleniumLibrary">
<msg time="2025-01-31T14:55:22.712984" level="INFO">${ADRESS2} = city state 12345</msg>
<var>${ADRESS2}</var>
<arg>//ul[@id='${TYPE_ADRESS}']/li[@class='address_city address_state_name address_postcode']</arg>
<doc>Returns the text value of the element identified by ``locator``.</doc>
<status status="PASS" start="2025-01-31T14:55:22.688758" elapsed="0.024410"/>
</kw>
<kw name="Set Variable" owner="BuiltIn">
<msg time="2025-01-31T14:55:22.713873" level="INFO">${ADRESS22} = city state 12345</msg>
<var>${ADRESS22}</var>
<arg>${USERS}[city] ${USERS}[state] ${USERS}[zip]</arg>
<doc>Returns the given values which can then be assigned to a variables.</doc>
<status status="PASS" start="2025-01-31T14:55:22.713353" elapsed="0.000651"/>
</kw>
<kw name="Should Be Equal" owner="BuiltIn">
<arg>${ADRESS2}</arg>
<arg>${ADRESS22}</arg>
<doc>Fails if the given objects are unequal.</doc>
<status status="PASS" start="2025-01-31T14:55:22.714146" elapsed="0.000520"/>
</kw>
<kw name="Get Text" owner="SeleniumLibrary">
<msg time="2025-01-31T14:55:22.736239" level="INFO">${COUNTRY} = Canada</msg>
<var>${COUNTRY}</var>
<arg>//ul[@id='${TYPE_ADRESS}']/li[@class='address_country_name']</arg>
<doc>Returns the text value of the element identified by ``locator``.</doc>
<status status="PASS" start="2025-01-31T14:55:22.714955" elapsed="0.021470"/>
</kw>
<kw name="Should Be Equal" owner="BuiltIn">
<arg>${COUNTRY}</arg>
<arg>${USERS}[country]</arg>
<doc>Fails if the given objects are unequal.</doc>
<status status="PASS" start="2025-01-31T14:55:22.736656" elapsed="0.000601"/>
</kw>
<kw name="Get Text" owner="SeleniumLibrary">
<msg time="2025-01-31T14:55:22.757692" level="INFO">${MOBILE} = 0102030405</msg>
<var>${MOBILE}</var>
<arg>//ul[@id='${TYPE_ADRESS}']/li[@class='address_phone']</arg>
<doc>Returns the text value of the element identified by ``locator``.</doc>
<status status="PASS" start="2025-01-31T14:55:22.737484" elapsed="0.020374"/>
</kw>
<kw name="Should Be Equal" owner="BuiltIn">
<arg>${MOBILE}</arg>
<arg>${USERS}[mobile]</arg>
<doc>Fails if the given objects are unequal.</doc>
<status status="PASS" start="2025-01-31T14:55:22.758050" elapsed="0.000652"/>
</kw>
<arg>${TYPE_ADRESS}</arg>
<arg>&amp;{USERS}</arg>
<doc>Verify Adress</doc>
<status status="PASS" start="2025-01-31T14:55:22.636750" elapsed="0.122186"/>
</kw>
<kw name="Verify Adress" owner="automation_keywords">
<kw name="Get Text" owner="SeleniumLibrary">
<msg time="2025-01-31T14:55:22.783720" level="INFO">${NAME} = Mrs. Titi Titi</msg>
<var>${NAME}</var>
<arg>//ul[@id='${TYPE_ADRESS}']/li[@class='address_firstname address_lastname']</arg>
<doc>Returns the text value of the element identified by ``locator``.</doc>
<status status="PASS" start="2025-01-31T14:55:22.760701" elapsed="0.023204"/>
</kw>
<kw name="Set Variable" owner="BuiltIn">
<msg time="2025-01-31T14:55:22.785062" level="INFO">${NAME2} = Mrs.</msg>
<var>${NAME2}</var>
<arg>Mrs.</arg>
<doc>Returns the given values which can then be assigned to a variables.</doc>
<status status="PASS" start="2025-01-31T14:55:22.784297" elapsed="0.001302"/>
</kw>
<kw name="Set Variable" owner="BuiltIn">
<msg time="2025-01-31T14:55:22.786704" level="INFO">${NAME2} = Mrs. Titi Titi</msg>
<var>${NAME2}</var>
<arg>${NAME2} ${USERS}[username] ${USERS}[lastname]</arg>
<doc>Returns the given values which can then be assigned to a variables.</doc>
<status status="PASS" start="2025-01-31T14:55:22.786013" elapsed="0.001014"/>
</kw>
<kw name="Should Be Equal" owner="BuiltIn">
<arg>${NAME}</arg>
<arg>${NAME2}</arg>
<doc>Fails if the given objects are unequal.</doc>
<status status="PASS" start="2025-01-31T14:55:22.787537" elapsed="0.000949"/>
</kw>
<kw name="Get Text" owner="SeleniumLibrary">
<msg time="2025-01-31T14:55:22.816519" level="INFO">${ADRESS} = 666 rue des enfers</msg>
<var>${ADRESS}</var>
<arg>css=#${TYPE_ADRESS} &gt; li:nth-of-type(4)</arg>
<doc>Returns the text value of the element identified by ``locator``.</doc>
<status status="PASS" start="2025-01-31T14:55:22.788850" elapsed="0.028089"/>
</kw>
<kw name="Should Be Equal" owner="BuiltIn">
<arg>${ADRESS}</arg>
<arg>${USERS}[adress]</arg>
<doc>Fails if the given objects are unequal.</doc>
<status status="PASS" start="2025-01-31T14:55:22.817453" elapsed="0.001050"/>
</kw>
<kw name="Get Text" owner="SeleniumLibrary">
<msg time="2025-01-31T14:55:22.845922" level="INFO">${ADRESS2} = city state 12345</msg>
<var>${ADRESS2}</var>
<arg>//ul[@id='${TYPE_ADRESS}']/li[@class='address_city address_state_name address_postcode']</arg>
<doc>Returns the text value of the element identified by ``locator``.</doc>
<status status="PASS" start="2025-01-31T14:55:22.818898" elapsed="0.027649"/>
</kw>
<kw name="Set Variable" owner="BuiltIn">
<msg time="2025-01-31T14:55:22.847516" level="INFO">${ADRESS22} = city state 12345</msg>
<var>${ADRESS22}</var>
<arg>${USERS}[city] ${USERS}[state] ${USERS}[zip]</arg>
<doc>Returns the given values which can then be assigned to a variables.</doc>
<status status="PASS" start="2025-01-31T14:55:22.846920" elapsed="0.000779"/>
</kw>
<kw name="Should Be Equal" owner="BuiltIn">
<arg>${ADRESS2}</arg>
<arg>${ADRESS22}</arg>
<doc>Fails if the given objects are unequal.</doc>
<status status="PASS" start="2025-01-31T14:55:22.847902" elapsed="0.000574"/>
</kw>
<kw name="Get Text" owner="SeleniumLibrary">
<msg time="2025-01-31T14:55:22.882728" level="INFO">${COUNTRY} = Canada</msg>
<var>${COUNTRY}</var>
<arg>//ul[@id='${TYPE_ADRESS}']/li[@class='address_country_name']</arg>
<doc>Returns the text value of the element identified by ``locator``.</doc>
<status status="PASS" start="2025-01-31T14:55:22.848704" elapsed="0.034314"/>
</kw>
<kw name="Should Be Equal" owner="BuiltIn">
<arg>${COUNTRY}</arg>
<arg>${USERS}[country]</arg>
<doc>Fails if the given objects are unequal.</doc>
<status status="PASS" start="2025-01-31T14:55:22.883362" elapsed="0.000763"/>
</kw>
<kw name="Get Text" owner="SeleniumLibrary">
<msg time="2025-01-31T14:55:22.905431" level="INFO">${MOBILE} = 0102030405</msg>
<var>${MOBILE}</var>
<arg>//ul[@id='${TYPE_ADRESS}']/li[@class='address_phone']</arg>
<doc>Returns the text value of the element identified by ``locator``.</doc>
<status status="PASS" start="2025-01-31T14:55:22.884362" elapsed="0.021229"/>
</kw>
<kw name="Should Be Equal" owner="BuiltIn">
<arg>${MOBILE}</arg>
<arg>${USERS}[mobile]</arg>
<doc>Fails if the given objects are unequal.</doc>
<status status="PASS" start="2025-01-31T14:55:22.905777" elapsed="0.000579"/>
</kw>
<arg>${TYPE_ADRESS2}</arg>
<arg>&amp;{USERS}</arg>
<doc>Verify Adress</doc>
<status status="PASS" start="2025-01-31T14:55:22.759390" elapsed="0.147137"/>
</kw>
<arg>&amp;{USERS}</arg>
<doc>The User Proceeds To Checkout</doc>
<status status="PASS" start="2025-01-31T14:55:20.166109" elapsed="2.740527"/>
</kw>
<kw name="Verify Order" owner="automation_keywords">
<kw name="Set Variable" owner="BuiltIn">
<msg time="2025-01-31T14:55:22.907806" level="INFO">${DESCRIPTION} = ''</msg>
<var>${DESCRIPTION}</var>
<arg>''</arg>
<doc>Returns the given values which can then be assigned to a variables.</doc>
<status status="PASS" start="2025-01-31T14:55:22.907485" elapsed="0.000684"/>
</kw>
<for flavor="IN RANGE">
<iter>
<kw name="Wait Until Element Is Visible" owner="SeleniumLibrary">
<arg>id=product-${ITEM}</arg>
<doc>Waits until the element ``locator`` is visible.</doc>
<status status="PASS" start="2025-01-31T14:55:22.909276" elapsed="0.018485"/>
</kw>
<kw name="Get Text" owner="SeleniumLibrary">
<msg time="2025-01-31T14:55:22.943491" level="INFO">${DESC} = Men &gt; Tshirts</msg>
<var>${DESC}</var>
<arg>//tr[@id='product-${ITEM}']//td[@class='cart_description']//p</arg>
<doc>Returns the text value of the element identified by ``locator``.</doc>
<status status="PASS" start="2025-01-31T14:55:22.928031" elapsed="0.015638"/>
</kw>
<kw name="Set Variable" owner="BuiltIn">
<msg time="2025-01-31T14:55:22.944562" level="INFO">${DESCRIPTION} = '' Men &gt; Tshirts</msg>
<var>${DESCRIPTION}</var>
<arg>${DESCRIPTION} ${DESC}</arg>
<doc>Returns the given values which can then be assigned to a variables.</doc>
<status status="PASS" start="2025-01-31T14:55:22.943845" elapsed="0.000856"/>
</kw>
<var name="${ITEM}">2</var>
<status status="PASS" start="2025-01-31T14:55:22.908851" elapsed="0.035953"/>
</iter>
<iter>
<kw name="Wait Until Element Is Visible" owner="SeleniumLibrary">
<arg>id=product-${ITEM}</arg>
<doc>Waits until the element ``locator`` is visible.</doc>
<status status="PASS" start="2025-01-31T14:55:22.945214" elapsed="0.016715"/>
</kw>
<kw name="Get Text" owner="SeleniumLibrary">
<msg time="2025-01-31T14:55:22.981756" level="INFO">${DESC} = Women &gt; Dress</msg>
<var>${DESC}</var>
<arg>//tr[@id='product-${ITEM}']//td[@class='cart_description']//p</arg>
<doc>Returns the text value of the element identified by ``locator``.</doc>
<status status="PASS" start="2025-01-31T14:55:22.962215" elapsed="0.019703"/>
</kw>
<kw name="Set Variable" owner="BuiltIn">
<msg time="2025-01-31T14:55:22.982586" level="INFO">${DESCRIPTION} = '' Men &gt; Tshirts Women &gt; Dress</msg>
<var>${DESCRIPTION}</var>
<arg>${DESCRIPTION} ${DESC}</arg>
<doc>Returns the given values which can then be assigned to a variables.</doc>
<status status="PASS" start="2025-01-31T14:55:22.982098" elapsed="0.000627"/>
</kw>
<var name="${ITEM}">3</var>
<status status="PASS" start="2025-01-31T14:55:22.944933" elapsed="0.037895"/>
</iter>
<iter>
<kw name="Wait Until Element Is Visible" owner="SeleniumLibrary">
<arg>id=product-${ITEM}</arg>
<doc>Waits until the element ``locator`` is visible.</doc>
<status status="PASS" start="2025-01-31T14:55:22.983363" elapsed="0.037724"/>
</kw>
<kw name="Get Text" owner="SeleniumLibrary">
<msg time="2025-01-31T14:55:23.056446" level="INFO">${DESC} = Women &gt; Dress</msg>
<var>${DESC}</var>
<arg>//tr[@id='product-${ITEM}']//td[@class='cart_description']//p</arg>
<doc>Returns the text value of the element identified by ``locator``.</doc>
<status status="PASS" start="2025-01-31T14:55:23.021873" elapsed="0.034848"/>
</kw>
<kw name="Set Variable" owner="BuiltIn">
<msg time="2025-01-31T14:55:23.057814" level="INFO">${DESCRIPTION} = '' Men &gt; Tshirts Women &gt; Dress Women &gt; Dress</msg>
<var>${DESCRIPTION}</var>
<arg>${DESCRIPTION} ${DESC}</arg>
<doc>Returns the given values which can then be assigned to a variables.</doc>
<status status="PASS" start="2025-01-31T14:55:23.057067" elapsed="0.000930"/>
</kw>
<var name="${ITEM}">4</var>
<status status="PASS" start="2025-01-31T14:55:22.982964" elapsed="0.075170"/>
</iter>
<var>${ITEM}</var>
<value>2</value>
<value>5</value>
<status status="PASS" start="2025-01-31T14:55:22.908336" elapsed="0.149915"/>
</for>
<kw name="Input Text" owner="SeleniumLibrary">
<msg time="2025-01-31T14:55:23.059083" level="INFO">Typing text ''' Men &gt; Tshirts Women &gt; Dress Women &gt; Dress' into text field '//textarea[@name='message']'.</msg>
<arg>${COM}</arg>
<arg>${DESCRIPTION}</arg>
<doc>Types the given ``text`` into the text field identified by ``locator``.</doc>
<status status="PASS" start="2025-01-31T14:55:23.058498" elapsed="0.166750"/>
</kw>
<doc>Verify Order</doc>
<status status="PASS" start="2025-01-31T14:55:22.906909" elapsed="0.318553"/>
</kw>
<kw name="Click Element" owner="SeleniumLibrary">
<msg time="2025-01-31T14:55:23.226096" level="INFO">Clicking element '//a[.='Place Order']'.</msg>
<arg>${PLACE_ORDER}</arg>
<doc>Click the element identified by ``locator``.</doc>
<status status="PASS" start="2025-01-31T14:55:23.225641" elapsed="0.914093"/>
</kw>
<kw name="Add Payment" owner="automation_keywords">
<kw name="Input Text" owner="SeleniumLibrary">
<msg time="2025-01-31T14:55:24.141513" level="INFO">Typing text 'Titi' into text field '//input[@name='name_on_card']'.</msg>
<arg>${CARD_NAME}</arg>
<arg>${USERS}[lastname]</arg>
<doc>Types the given ``text`` into the text field identified by ``locator``.</doc>
<status status="PASS" start="2025-01-31T14:55:24.141024" elapsed="0.124105"/>
</kw>
<kw name="Input Text" owner="SeleniumLibrary">
<msg time="2025-01-31T14:55:24.265785" level="INFO">Typing text '1111 1111 1111' into text field '//input[@name='card_number']'.</msg>
<arg>${CARD_NUMBER}</arg>
<arg>${USERS}[cardnumber]</arg>
<doc>Types the given ``text`` into the text field identified by ``locator``.</doc>
<status status="PASS" start="2025-01-31T14:55:24.265361" elapsed="0.107439"/>
</kw>
<kw name="Input Text" owner="SeleniumLibrary">
<msg time="2025-01-31T14:55:24.373477" level="INFO">Typing text '555' into text field '//input[@name='cvc']'.</msg>
<arg>${CARD_CVC}</arg>
<arg>${USERS}[cardcvc]</arg>
<doc>Types the given ``text`` into the text field identified by ``locator``.</doc>
<status status="PASS" start="2025-01-31T14:55:24.373059" elapsed="0.076728"/>
</kw>
<kw name="Input Text" owner="SeleniumLibrary">
<msg time="2025-01-31T14:55:24.450348" level="INFO">Typing text '12' into text field '//input[@name='expiry_month']'.</msg>
<arg>${CARD_EXPIRY_MONTH}</arg>
<arg>${USERS}[cardmonth]</arg>
<doc>Types the given ``text`` into the text field identified by ``locator``.</doc>
<status status="PASS" start="2025-01-31T14:55:24.449977" elapsed="0.071542"/>
</kw>
<kw name="Input Text" owner="SeleniumLibrary">
<msg time="2025-01-31T14:55:24.522069" level="INFO">Typing text '2027' into text field '//input[@name='expiry_year']'.</msg>
<arg>${CARD_EXPIRY_YEAR}</arg>
<arg>${USERS}[cardyear]</arg>
<doc>Types the given ``text`` into the text field identified by ``locator``.</doc>
<status status="PASS" start="2025-01-31T14:55:24.521707" elapsed="0.076427"/>
</kw>
<kw name="Click Button" owner="SeleniumLibrary">
<msg time="2025-01-31T14:55:24.598713" level="INFO">Clicking button '//button[@id='submit']'.</msg>
<arg>${CARD_SUBMIT}</arg>
<doc>Clicks the button identified by ``locator``.</doc>
<status status="PASS" start="2025-01-31T14:55:24.598369" elapsed="1.985678"/>
</kw>
<arg>&amp;{USERS}</arg>
<doc>Add Payment</doc>
<status status="PASS" start="2025-01-31T14:55:24.140168" elapsed="2.444039"/>
</kw>
<kw name="Wait Until Element Is Visible" owner="SeleniumLibrary">
<arg>${CONFIRM_ORDER}</arg>
<doc>Waits until the element ``locator`` is visible.</doc>
<status status="PASS" start="2025-01-31T14:55:26.584350" elapsed="0.018196"/>
</kw>
<arg>&amp;{USERS}</arg>
<doc>The User Places The Order</doc>
<status status="PASS" start="2025-01-31T14:55:19.022910" elapsed="7.579913"/>
</kw>
<kw name="And The User Downloads The Invoice" owner="automation_keywords">
<kw name="Download Invoice" owner="automation_keywords">
<kw name="Remove File" owner="OperatingSystem">
<msg time="2025-01-31T14:55:26.611821" level="INFO" html="true">Removed file '&lt;a href="file://C:\Users\Administrateur\Downloads\invoice.txt"&gt;C:\Users\Administrateur\Downloads\invoice.txt&lt;/a&gt;'.</msg>
<arg>${PATH_INVOICE}</arg>
<doc>Removes a file with the given path.</doc>
<status status="PASS" start="2025-01-31T14:55:26.611224" elapsed="0.000853"/>
</kw>
<kw name="Click Element" owner="SeleniumLibrary">
<msg time="2025-01-31T14:55:26.613212" level="INFO">Clicking element '//a[.='Download Invoice']'.</msg>
<arg>${DOWNLOAD_INVOICE}</arg>
<doc>Click the element identified by ``locator``.</doc>
<status status="PASS" start="2025-01-31T14:55:26.612248" elapsed="0.315150"/>
</kw>
<kw name="Set Variable" owner="BuiltIn">
<msg time="2025-01-31T14:55:26.928648" level="INFO">${FICHIER} = C:/Users/Administrateur/Downloads/invoice.txt</msg>
<var>${FICHIER}</var>
<arg>${PATH_INVOICE}</arg>
<doc>Returns the given values which can then be assigned to a variables.</doc>
<status status="PASS" start="2025-01-31T14:55:26.927966" elapsed="0.000998"/>
</kw>
<kw name="Wait Until Created" owner="OperatingSystem">
<msg time="2025-01-31T14:55:27.031320" level="INFO" html="true">'&lt;a href="file://C:\Users\Administrateur\Downloads\invoice.txt"&gt;C:\Users\Administrateur\Downloads\invoice.txt&lt;/a&gt;' was created.</msg>
<arg>${FICHIER}</arg>
<arg>10s</arg>
<doc>Waits until the given file or directory is created.</doc>
<status status="PASS" start="2025-01-31T14:55:26.929447" elapsed="0.102210"/>
</kw>
<kw name="File Should Exist" owner="OperatingSystem">
<msg time="2025-01-31T14:55:27.032325" level="INFO" html="true">File '&lt;a href="file://C:\Users\Administrateur\Downloads\invoice.txt"&gt;C:\Users\Administrateur\Downloads\invoice.txt&lt;/a&gt;' exists.</msg>
<arg>${FICHIER}</arg>
<doc>Fails unless the given ``path`` points to an existing file.</doc>
<status status="PASS" start="2025-01-31T14:55:27.031859" elapsed="0.000642"/>
</kw>
<doc>Download Invoice</doc>
<status status="PASS" start="2025-01-31T14:55:26.610839" elapsed="0.421772"/>
</kw>
<kw name="Click Element" owner="SeleniumLibrary">
<msg time="2025-01-31T14:55:27.033210" level="INFO">Clicking element '//a[.='Continue']'.</msg>
<arg>${CONTINUE_ACCOUNT}</arg>
<doc>Click the element identified by ``locator``.</doc>
<status status="PASS" start="2025-01-31T14:55:27.032757" elapsed="1.541763"/>
</kw>
<doc>Download Invoice</doc>
<status status="PASS" start="2025-01-31T14:55:26.607959" elapsed="1.966790"/>
</kw>
<kw name="And The User Deletes Their Account" owner="automation_keywords">
<kw name="Wait Until Element Is Enabled" owner="SeleniumLibrary">
<arg>${DELETE_ACCOUNT}</arg>
<doc>Waits until the element ``locator`` is enabled.</doc>
<status status="PASS" start="2025-01-31T14:55:28.583322" elapsed="0.071335"/>
</kw>
<kw name="Click Element" owner="SeleniumLibrary">
<msg time="2025-01-31T14:55:28.655227" level="INFO">Clicking element '//a[contains(.,'Delete Account')]'.</msg>
<arg>${DELETE_ACCOUNT}</arg>
<doc>Click the element identified by ``locator``.</doc>
<status status="PASS" start="2025-01-31T14:55:28.654860" elapsed="1.030954"/>
</kw>
<doc>The User Deletes Their Account</doc>
<status status="PASS" start="2025-01-31T14:55:28.579006" elapsed="1.107012"/>
</kw>
<kw name="Then The User Account Is Deleted" owner="automation_keywords">
<kw name="Wait Until Element Is Visible" owner="SeleniumLibrary">
<arg>${ACCOUNT_DELETED}</arg>
<doc>Waits until the element ``locator`` is visible.</doc>
<status status="PASS" start="2025-01-31T14:55:29.692705" elapsed="0.069066"/>
</kw>
<kw name="Click Element" owner="SeleniumLibrary">
<msg time="2025-01-31T14:55:29.762542" level="INFO">Clicking element '//a[.='Continue']'.</msg>
<arg>${CONTINUE_ACCOUNT}</arg>
<doc>Click the element identified by ``locator``.</doc>
<status status="PASS" start="2025-01-31T14:55:29.762079" elapsed="1.640327"/>
</kw>
<kw name="Close Browser" owner="SeleniumLibrary">
<doc>Closes the current browser.</doc>
<status status="PASS" start="2025-01-31T14:55:31.402651" elapsed="2.211422"/>
</kw>
<doc>The Customer Account Is Deleted</doc>
<status status="PASS" start="2025-01-31T14:55:29.688993" elapsed="3.925410"/>
</kw>
<doc>User Creates an Account While Placing an Order and Then Deletes It</doc>
<status status="PASS" start="2025-01-31T14:54:54.366148" elapsed="39.251352"/>
</test>
<doc>This test suite contains test cases for the google site</doc>
<status status="PASS" start="2025-01-31T14:54:54.203332" elapsed="39.416297"/>
</suite>
<status status="PASS" start="2025-01-31T14:54:54.201234" elapsed="39.420629"/>
</suite>
<status status="PASS" start="2025-01-31T14:54:54.182091" elapsed="39.441582"/>
</suite>
<statistics>
<total>
<stat pass="1" fail="0" skip="0">All Tests</stat>
</total>
<tag>
</tag>
<suite>
<stat name="Tp Validation Robotframework" id="s1" pass="1" fail="0" skip="0">Tp Validation Robotframework</stat>
<stat name="Tests" id="s1-s1" pass="1" fail="0" skip="0">Tp Validation Robotframework.Tests</stat>
<stat name="Test Automation" id="s1-s1-s1" pass="1" fail="0" skip="0">Tp Validation Robotframework.Tests.Test Automation</stat>
</suite>
</statistics>
<errors>
</errors>
</robot>
